* installing *source* package ‘av’ ...
** package ‘av’ successfully unpacked and MD5 sums checked
** using staged installation
Found pkg-config cflags and libs!
Using PKG_CFLAGS=-I/usr/include/x86_64-linux-gnu
Using PKG_LIBS=-lavfilter
** libs
rm -f av.so fft.o formats.o info.o init.o video.o winfunc.o
gcc -I"/usr/local/lib/R/include" -DNDEBUG -I/usr/include/x86_64-linux-gnu  -I/usr/local/include  -fvisibility=hidden -fpic  -g -O2 -fstack-protector-strong -Wformat -Werror=format-security -Wdate-time -D_FORTIFY_SOURCE=2 -g  -c fft.c -o fft.o
gcc -I"/usr/local/lib/R/include" -DNDEBUG -I/usr/include/x86_64-linux-gnu  -I/usr/local/include  -fvisibility=hidden -fpic  -g -O2 -fstack-protector-strong -Wformat -Werror=format-security -Wdate-time -D_FORTIFY_SOURCE=2 -g  -c formats.c -o formats.o
gcc -I"/usr/local/lib/R/include" -DNDEBUG -I/usr/include/x86_64-linux-gnu  -I/usr/local/include  -fvisibility=hidden -fpic  -g -O2 -fstack-protector-strong -Wformat -Werror=format-security -Wdate-time -D_FORTIFY_SOURCE=2 -g  -c info.c -o info.o
gcc -I"/usr/local/lib/R/include" -DNDEBUG -I/usr/include/x86_64-linux-gnu  -I/usr/local/include  -fvisibility=hidden -fpic  -g -O2 -fstack-protector-strong -Wformat -Werror=format-security -Wdate-time -D_FORTIFY_SOURCE=2 -g  -c init.c -o init.o
gcc -I"/usr/local/lib/R/include" -DNDEBUG -I/usr/include/x86_64-linux-gnu  -I/usr/local/include  -fvisibility=hidden -fpic  -g -O2 -fstack-protector-strong -Wformat -Werror=format-security -Wdate-time -D_FORTIFY_SOURCE=2 -g  -c video.c -o video.o
gcc -I"/usr/local/lib/R/include" -DNDEBUG -I/usr/include/x86_64-linux-gnu  -I/usr/local/include  -fvisibility=hidden -fpic  -g -O2 -fstack-protector-strong -Wformat -Werror=format-security -Wdate-time -D_FORTIFY_SOURCE=2 -g  -c winfunc.c -o winfunc.o
g++ -std=gnu++11 -shared -L/usr/local/lib/R/lib -L/usr/local/lib -o av.so fft.o formats.o info.o init.o video.o winfunc.o -lavfilter -L/usr/local/lib/R/lib -lR
installing to /usr/local/lib/R/host-site-library/00LOCK-av/00new/av/libs
** R
** inst
** byte-compile and prepare package for lazy loading
** help
*** installing help indices
** building package indices
** testing if installed package can be loaded from temporary location
** checking absolute paths in shared objects and dynamic libraries
** testing if installed package can be loaded from final location
** testing if installed package keeps a record of temporary installation path
* DONE (av)
