* installing *source* package ‘ChemmineOB’ ...
** using staged installation
checking for pkg-config... /usr/bin/pkg-config
checking pkg-config is at least version 0.9.0... yes
checking for OPENBABEL... no
checking for OPENBABEL... no
checking for gcc... gcc
checking whether the C compiler works... yes
checking for C compiler default output file name... a.out
checking for suffix of executables... 
checking whether we are cross compiling... no
checking for suffix of object files... o
checking whether we are using the GNU C compiler... yes
checking whether gcc accepts -g... yes
checking for gcc option to accept ISO C89... none needed
checking how to run the C preprocessor... gcc -E
configure: creating ./config.status
config.status: creating src/Makevars
** libs
make[1]: Entering directory '/tmp/RtmpZW9ssa/R.INSTALL99b18496cc5/ChemmineOB/src'
g++ -std=gnu++14 -I"/usr/local/lib/R/include" -DNDEBUG -I/usr/include/openbabel3  -I/usr/include/eigen3  -DUSE_BOOST -DHAVE_EIGEN  -I/usr/local/include/eigen3 -I/usr/local/include/openbabel3    -I'/usr/local/lib/R/host-site-library/BH/include' -I'/usr/local/lib/R/site-library/Rcpp/include' -I/usr/local/include   -fpic  -g -O2 -fstack-protector-strong -Wformat -Werror=format-security -Wdate-time -D_FORTIFY_SOURCE=2 -g  -c ChemmineOB.cpp -o ChemmineOB.o
In file included from ChemmineOB.cpp:1624:
/usr/include/openbabel3/openbabel/math/align.h:26:10: fatal error: Eigen/Core: No such file or directory
   26 | #include <Eigen/Core>
      |          ^~~~~~~~~~~~
compilation terminated.
make[1]: *** [/usr/local/lib/R/etc/Makeconf:177: ChemmineOB.o] Error 1
make[1]: Leaving directory '/tmp/RtmpZW9ssa/R.INSTALL99b18496cc5/ChemmineOB/src'
ERROR: compilation failed for package ‘ChemmineOB’
* removing ‘/usr/local/lib/R/host-site-library/ChemmineOB’
